1,kalani,1436544293
1,mason,1436544293
-1,mason,1436544526
-1,kalani,1436544526
1,mason,1436545143
1,kalani,1436545190
2,kalani,1436545360
-3,kalani,1436545796
-1,mason,1436545842
1,mason,1436580098
-1,mason,1436582053
-1,mason,1436594203
1,mason,1436594256
1,kalani,1436594461
-1,kalani,1436594492
2,kalani,1436599868
2,mason,1436599880
1,kalani,1436611951
-1,kalani,1436612073
-1,mason,1436698637
-1,kalani,1436699559
-1,kalani,1436701609
1,kalani,1436704286
-1,kalani,1436704300
1,kalani,1436704576
-1,kalani,1436704588
1,kalani,1436704684
-1,kalani,1436704696
2,mason,1436766701
2,kalani,1436766701
-1,mason,1436768108
-1,kalani,1436781513
-1,kalani,1436783347
1,mason,1436805909
-1,mason,1436806103
1,kalani,1436806351
-1,kalani,1436806366
-1,mason,1436833990
-1,mason,1436858912
1,mason,1436859987
2,mason,1436872953
2,kalani,1436872953
-1,kalani,1436872987
-1,kalani,1436874822
-1,mason,1436875353
-1,mason,1436875445
-1,mason,1436879256
1,mason,1436967349
-1,mason,1437214213
1,mason,1437268068
5,mason,1437310653
3,kalani,1437310704
-2,mason,1437353787
-1,kalani,1437367437
-1,kalani,1437370819
-1,kalani,1437372619
-3,mason,1437374814
-1,mason,1437377608
1,kalani,1437399366
-1,kalani,1437399376
1,kalani,1437399610
-1,mason,1437435496
1,kalani,1437461928
1,mason,1437463705
1,kalani,1437463705
-1,mason,1437464011
-1,kalani,1437464011
-1,mason,1437465802
-1,kalani,1437465802
1,mason,1437467107
-1,kalani,1437467560
1,mason,1437472499
1,kalani,1437472499
-1,kalani,1437474950
1,mason,1437527356
1,kalani,1437527356
-1,kalani,1437527360
1,kalani,1437559796
1,mason,1437561730
-1,kalani,1437566802
-1,mason,1437566802
1,mason,1437566807
1,kalani,1437566807
1,kalani,1437566811
1,mason,1437566811
-1,kalani,1437567174
1,mason,1437568232
-1,kalani,1437568601
1,mason,1437570109
-1,mason,1437570252
-1,mason,1437570257
-1,kalani,1437570412
-1,mason,1437605291
1,kalani,1437611818
-1,mason,1437630412
-1,mason,1437632473
-1,kalani,1437638526
1,kalani,1437643632
1,mason,1437643632
1,kalani,1437643635
1,mason,1437643635
-1,mason,1437644291
1,kalani,1437649505
1,mason,1437649505
-1,mason,1437651096
1,mason,1437652274
-1,mason,1437652283
-1,mason,1437652606
-1,kalani,1437699595
-1,kalani,1437701347
-1,kalani,1437705011
-1,kalani,1437705012
1,kalani,1437708626
1,kalani,1437708627
1,kalani,1437715941
1,kalani,1437715942
-1,kalani,1437716860
-1,kalani,1437718669
1,kalani,1437719043
1,kalani,1437721041
1,mason,1437721041
-1,kalani,1437721901
-1,kalani,1437723716
1,kalani,1437725234
-1,kalani,1437725466
1,kalani,1437735617
1,kalani,1437735618
-1,kalani,1437735703
1,kalani,1437736195
-1,kalani,1437736576
-1,kalani,1437737514
-1,mason,1437738947
1,kalani,1437777465
1,kalani,1437777466
-1,kalani,1437777975
-1,kalani,1437779787
1,mason,1437781395
1,mason,1437781406
-1,mason,1437781738
-2,kalani,1437785347
1,kalani,1437796901
1,kalani,1437800942
1,kalani,1437802748
-1,kalani,1437861859
-1,mason,1437867693
1,mason,1437880475
1,kalani,1437880475
-1,kalani,1437901799
1,kalani,1437902365
1,mason,1437902365
-1,mason,1437902374
1,mason,1437904497
1,kalani,1437904497
1,mason,1437913882
1,mason,1437919050
-1,mason,1437919077
1,kalani,1437919132
-1,kalani,1437919144
-1,mason,1437952811
2,kalani,1437953387
-1,kalani,1437953433
-1,kalani,1437954624
-1,kalani,1437955244
-1,kalani,1437957053
-1,mason,1437959502
-1,mason,1437959524
1,kalani,1437982262
1,kalani,1437982263
-1,kalani,1437982531
-1,kalani,1437982531
-1,kalani,1437982532
-1,kalani,1437982533
-1,kalani,1437982539
-1,kalani,1437982540
1,kalani,1437989464
1,mason,1438002934
1,kalani,1438002934
1,kalani,1438002935
1,mason,1438002935
1,kalani,1438004815
1,mason,1438004815
-1,mason,1438010794
1,kalani,1438053124
1,kalani,1438066260
-2,mason,1438074101
-1,mason,1438123351
-1,kalani,1438123372
-1,kalani,1438123538
-1,mason,1438139577
1,kalani,1438139688
1,kalani,1438139691
1,kalani,1438140879
1,kalani,1438140880
-1,kalani,1438140889
-1,kalani,1438142703
1,kalani,1438142733
-1,kalani,1438143986
-1,kalani,1438144514
1,kalani,1438144527
-1,kalani,1438146326
-1,kalani,1438155212
1,kalani,1438156029
1,mason,1438156029
1,kalani,1438156030
1,mason,1438156030
1,mason,1438156030
1,kalani,1438156030
1,mason,1438156031
1,kalani,1438156031
1,kalani,1438214409
-1,kalani,1438214417
-1,kalani,1438216233
-1,kalani,1438218047
-1,mason,1438218737
1,mason,1438218738
-1,kalani,1438219879
-1,mason,1438221412
-1,kalani,1438221692
-1,mason,1438234856
1,mason,1438235280
1,kalani,1438243455
1,kalani,1438243743
-1,kalani,1438244889
-1,kalani,1438246699
1,mason,1438256124
-1,mason,1438256130
1,kalani,1438256981
-1,mason,1438259567
-1,mason,1438305697
1,mason,1438342015
1,kalani,1438342015
-1,kalani,1438342030
-1,mason,1438342099
-1,kalani,1438343842
-1,kalani,1438343925
1,kalani,1438343927
-1,mason,1438343929
1,kalani,1438351059
1,kalani,1438351060
1,kalani,1438401222
-1,kalani,1438402070
-1,kalani,1438403881
-1,kalani,1438405692
1,kalani,1438411736
1,mason,1438411736
1,kalani,1438411754
1,mason,1438428612
-1,kalani,1438429090
1,kalani,1438429204
1,mason,1438430296
-1,mason,1438430301
1,mason,1438477730
1,mason,1438480599
1,mason,1438520320
1,kalani,1438520320
1,kalani,1438553044
-1,mason,1438553218
-1,kalani,1438553226
-1,kalani,1438555043
-1,mason,1438555043
-1,kalani,1438556857
-1,kalani,1438558666
-1,mason,1438559387
-1,mason,1438559393
1,mason,1438569541
1,kalani,1438569541
1,kalani,1438639644
-1,kalani,1438639788
-1,kalani,1438641604
1,kalani,1438666297
1,mason,1438668199
-1,mason,1438668239
3,kalani,1438677975
3,mason,1438677975
-1,mason,1438678496
1,kalani,1438682262
-1,kalani,1438685435
-1,kalani,1438687246
1,kalani,1438731396
-1,kalani,1438731458
-1,kalani,1438733272
-1,kalani,1438735083
-1,kalani,1438736894
1,kalani,1438750095
1,kalani,1438750096
1,mason,1438750098
1,mason,1438750098
1,mason,1438760550
1,kalani,1438760550
1,mason,1438760550
1,kalani,1438760550
-1,kalani,1438760563
-1,mason,1438761523
-1,mason,1438761527
1,mason,1438776302
-1,mason,1438776306
1,mason,1438776361
-1,kalani,1438776393
-1,mason,1438777073
-1,mason,1438842351
-1,mason,1438844166
-1,mason,1438846639
1,kalani,1438853377
1,mason,1438853377
1,kalani,1438853377
1,mason,1438853377
-1,mason,1438854908
-1,mason,1438854913
1,mason,1438861933
-1,mason,1438861936
1,mason,1438862149
-1,mason,1438902406
-1,mason,1438902407
-1,kalani,1438937082
-1,kalani,1438938895
-1,kalani,1438940771
-1,kalani,1438942580
1,mason,1439161130
2,kalani,1439193045
2,mason,1439193045
-1,mason,1439193509
-1,mason,1439195329
1,mason,1439195525
1,kalani,1439195906
1,kalani,1439195913
1,kalani,1439197088
-1,kalani,1439197102
-1,kalani,1439198912
-1,kalani,1439200723
-1,mason,1439276945
1,kalani,1439283173
1,kalani,1439287551
1,kalani,1439287986
-1,kalani,1439288001
-1,kalani,1439291476
-1,mason,1439291520
1,mason,1439292485
-1,kalani,1439293291
-1,mason,1439364677
-1,kalani,1439374034
1,kalani,1439374169
-1,kalani,1439376359
-1,kalani,1439378489
1,kalani,1439460637
1,mason,1439461071
1,kalani,1439461071
1,mason,1439461071
1,kalani,1439461071
-1,mason,1439461088
1,kalani,1439461090
1,mason,1439461127
-1,mason,1439461343
-1,kalani,1439461749
-1,kalani,1439463568
-1,kalani,1439465381
-1,mason,1439466037
1,kalani,1439558951
-1,kalani,1439559002
1,mason,1439590586
1,mason,1439590586
1,mason,1439590587
-1,mason,1439593422
-1,mason,1439593425
-1,mason,1439597688
1,kalani,1439601790
1,kalani,1439601791
1,kalani,1439603547
-1,mason,1439603550
-1,kalani,1439603556
-1,kalani,1439605368
-1,kalani,1439607185
-1,kalani,1439608996
1,mason,1439618241
1,mason,1439618246
-1,mason,1439618256
1,kalani,1439626874
1,kalani,1439626875
-1,kalani,1439629104
-1,kalani,1439630912
1,mason,1439638005
1,mason,1439638006
-1,mason,1439638513
-1,mason,1439641032
1,kalani,1439696139
1,mason,1439696139
1,kalani,1439696140
1,mason,1439696140
1,mason,1439696140
1,kalani,1439696140
1,kalani,1439696141
1,mason,1439696141
1,kalani,1439696142
1,mason,1439696142
1,kalani,1439696143
1,mason,1439696143
1,mason,1439696144
1,kalani,1439696144
1,mason,1439696145
1,kalani,1439696145
1,kalani,1439696146
1,mason,1439696146
-1,kalani,1439698716
-1,mason,1439698716
-1,kalani,1439698718
-1,mason,1439698718
-1,kalani,1439698726
-1,mason,1439698726
-1,kalani,1439698730
-1,mason,1439698730
1,mason,1439731150
-1,mason,1439731170
-1,mason,1439761518
1,mason,1439762457
-1,mason,1439762471
-1,kalani,1439799277
-1,kalani,1439801090
-1,kalani,1439802900
-1,mason,1439803936
-1,kalani,1439804710
-1,kalani,1439810522
1,kalani,1439810650
-1,mason,1439810677
-1,mason,1439882910
-1,mason,1439884861
-1,kalani,1439888095
1,mason,1439989139
1,mason,1439989154
